This is pdfTeX, Version 3.14159265-2.6-1.40.18 (TeX Live 2017) (preloaded format=pdftex 2017.6.6)  6 JUN 2017 10:55
entering extended mode
 restricted \write18 enabled.
 %&-line parsing enabled.
**index
(./index.tex (./docmacro.tex (./tex2page.tex version 20150526
\verbbracebalancecount=\count27
\sectionQscratchfileport=\write0
\tocdepth=\count28
 (./index.xrf)
\xrefout=\write1
\footnotenumber=\count29
)
(./plainsection.tex
\secnumdepth=\count30
) (/usr/local/texlive/2017/texmf-dist/tex/eplain/btxmac.tex
\biblabelwidth=\dimen16
\biblabelextraspace=\dimen17
\@btxnumparams=\count31
\@auxfile=\write2
) (./txfonts.tex)
(/usr/local/texlive/2017/texmf-dist/tex/plain/graphics-pln/miniltx.tex
\@tempcnta=\count32
\@tempcntb=\count33
\@tempdima=\dimen18
\@tempdimb=\dimen19
\@tempdimc=\dimen20
\@tempboxa=\box16
\@tempskipa=\skip18
\@tempskipb=\skip19
\@temptokena=\toks13

Defining generic filename parser.

\leftmarginv=\dimen21
\leftmarginvi=\dimen22
\@ovxx=\dimen23
\@ovyy=\dimen24
\@ovdx=\dimen25
\@ovdy=\dimen26
\@ovro=\dimen27
\@ovri=\dimen28
\@xdim=\dimen29
\@ydim=\dimen30
\@linelen=\dimen31
\@dashdim=\dimen32
\fboxsep=\dimen33
\fboxrule=\dimen34
)
(/usr/local/texlive/2017/texmf-dist/tex/latex/graphics/color.sty
color: 2016/07/10 v1.1e Standard LaTeX Color (DPC)

(/usr/local/texlive/2017/texmf-dist/tex/latex/graphics-cfg/color.cfg
color.cfg: 2016/01/02 v1.6 sample color configuration
)
color: Driver file: pdftex.def

(/usr/local/texlive/2017/texmf-dist/tex/latex/graphics-def/pdftex.def
pdftex.def: 2017/01/12 v0.06k Graphics/color for pdfTeX

(/usr/local/texlive/2017/texmf-dist/tex/generic/oberdiek/infwarerr.sty
infwarerr: 2016/05/16 v1.4 Providing info/warning/error messages (HO)
)
(/usr/local/texlive/2017/texmf-dist/tex/generic/oberdiek/ltxcmds.sty
ltxcmds: 2016/05/16 v1.23 LaTeX kernel commands for general use (HO)
)
\Gread@gobject=\count34

(/usr/local/texlive/2017/texmf-dist/tex/context/base/mkii/supp-pdf.mkii
[Loading MPS to PDF converter (version 2006.09.02).]
\scratchcounter=\count35
\scratchdimen=\dimen35
\scratchbox=\box17
\nofMPsegments=\count36
\nofMParguments=\count37
\everyMPshowfont=\toks14
\MPscratchCnt=\count38
\MPscratchDim=\dimen36
\MPnumerator=\count39
\makeMPintoPDFobject=\count40
\everyMPtoPDFconversion=\toks15
)))) (./title.tex) (./toc.tex
\openout0 = `Z-sec-temp.tex'.

 (./Z-sec-temp.tex) (./index.toc [1
\openout1 = `index.xrf'.

{/usr/local/texlive/2017/texmf-var/fonts/map/pdftex/updmap/pdftex.map}] [2])
\tocout=\write3
) (./preface.tex
\openout0 = `Z-sec-temp.tex'.


[3
\openout3 = `index.toc'.

] (./Z-sec-temp.tex)
\indexout=\write4
 (./index.aux)
\openout2 = `index.aux'.


Overfull \hbox (0.3795pt too wide) in paragraph at lines 47--52
[]\tenit Acknowledgment. \tenrm I thank Matthias Felleisen for in-tro-duc-ing m
e to Scheme and higher-

\hbox(6.84+2.17499)x361.34999, glue set - 1.0
.\hbox(0.0+0.0)x20.0
.\tenit A
.\tenit c
.\kern-0.20001
.\tenit k
.etc.

) (./hello.tex
\openout0 = `Z-sec-temp.tex'.

 [4
\openout4 = `index.idx'.

] (./Z-sec-temp.tex) [5]) (./data.tex
\openout0 = `Z-sec-temp.tex'.

 [6] (./Z-sec-temp.tex)
\openout0 = `Z-sec-temp.tex'.


(./Z-sec-temp.tex)
\openout0 = `Z-sec-temp.tex'.

 (./Z-sec-temp.tex)
\openout0 = `Z-sec-temp.tex'.

 (./Z-sec-temp.tex) [7]
\openout0 = `Z-sec-temp.tex'.

 (./Z-sec-temp.tex)
Overfull \hbox (8.10988pt too wide) in paragraph at lines 224--227
[]\tenrm The char-ac-ter data type has its set of com-par-i-son pred-i-cates: \
tentt char=?\tenrm , \tentt char<?\tenrm , \tentt char<=?\tenrm ,

\hbox(6.825+2.17499)x361.34999, glue set - 1.0
.\hbox(0.0+0.0)x20.0
.\tenrm T
.\tenrm h
.\tenrm e
.\glue 2.5 plus 1.49998 minus 0.59999
.etc.

[8]
\openout0 = `Z-sec-temp.tex'.

 (./Z-sec-temp.tex) [9]
\openout0 = `Z-sec-temp.tex'.

 (./Z-sec-temp.tex)
\openout0 = `Z-sec-temp.tex'.

 (./Z-sec-temp.tex) [10]
\openout0 = `Z-sec-temp.tex'.


(./Z-sec-temp.tex)
\openout0 = `Z-sec-temp.tex'.

 (./Z-sec-temp.tex) [11] [12]
\openout0 = `Z-sec-temp.tex'.

 (./Z-sec-temp.tex)
Overfull \hbox (3.59976pt too wide) in paragraph at lines 709--717
\tenrm know how to con-vert be-tween the char-ac-ter cases us-ing \tentt char-d
owncase \tenrm and \tentt char-upcase\tenrm .

\hbox(6.825+2.17499)x361.34999, glue set - 1.0
.\tenrm k
.\tenrm n
.\tenrm o
.\kern-0.25
.\tenrm w
.etc.

[13]
\openout0 = `Z-sec-temp.tex'.

 (./Z-sec-temp.tex)
\openout0 = `Z-sec-temp.tex'.

 (./Z-sec-temp.tex))
Overfull \hbox (1.63016pt too wide) in paragraph at lines 814--12
[]\tenrm All the data types dis-cussed here can be lumped to-gether into a sin-
gle all-encompassing

\hbox(6.825+2.17499)x361.34999, glue set - 1.0
.\hbox(0.0+0.0)x20.0
.\tenrm A
.\tenrm l
.\tenrm l
.\glue 2.5 plus 1.49998 minus 0.59999
.etc.

(./form.tex
\openout0 = `Z-sec-temp.tex'.

 [14] (./Z-sec-temp.tex)
\openout0 = `Z-sec-temp.tex'.

 (./Z-sec-temp.tex)
\openout0 = `Z-sec-temp.tex'.

 (./Z-sec-temp.tex)
[15]
\openout0 = `Z-sec-temp.tex'.

 (./Z-sec-temp.tex)
\openout0 = `Z-sec-temp.tex'.

 (./Z-sec-temp.tex)
\openout0 = `Z-sec-temp.tex'.

 (./Z-sec-temp.tex) [16]) (./if.tex
\openout0 = `Z-sec-temp.tex'.


[17] (./Z-sec-temp.tex)
\openout0 = `Z-sec-temp.tex'.

 (./Z-sec-temp.tex) [18]
\openout0 = `Z-sec-temp.tex'.

 (./Z-sec-temp.tex)
\openout0 = `Z-sec-temp.tex'.


(./Z-sec-temp.tex)
\openout0 = `Z-sec-temp.tex'.

 (./Z-sec-temp.tex)
Overfull \hbox (0.48013pt too wide) in paragraph at lines 145--150
[]\tenrm Scheme pro-vides spe-cial forms for boolean con-junc-tion (``and'') an
d dis-junc-tion (``or'').

\hbox(6.825+2.17499)x361.34999, glue set - 1.0
.\hbox(0.0+0.0)x20.0
.\tenrm S
.\tenrm c
.\tenrm h
.\tenrm e
.etc.

[19]) (./let.tex
\openout0 = `Z-sec-temp.tex'.

 [20] (./Z-sec-temp.tex) [21]
\openout0 = `Z-sec-temp.tex'.

 (./Z-sec-temp.tex) [22]
\openout0 = `Z-sec-temp.tex'.


(./Z-sec-temp.tex)) (./rec.tex
\openout0 = `Z-sec-temp.tex'.

 [23] (./Z-sec-temp.tex)
\openout0 = `Z-sec-temp.tex'.

 (./Z-sec-temp.tex)
[24]
\openout0 = `Z-sec-temp.tex'.

 (./Z-sec-temp.tex)
\openout0 = `Z-sec-temp.tex'.

 (./Z-sec-temp.tex)
\verbwritefileQport=\write5
\openout5 = `listpos.scm'.

 [25]
\openout5 = `reverseb.scm'.

\openout0 = `Z-sec-temp.tex'.

 (./Z-sec-temp.tex)) (./io.tex
\openout0 = `Z-sec-temp.tex'.


[26] (./Z-sec-temp.tex)
\openout0 = `Z-sec-temp.tex'.

 (./Z-sec-temp.tex)
\openout0 = `Z-sec-temp.tex'.

 (./Z-sec-temp.tex)
\openout0 = `Z-sec-temp.tex'.

 (./Z-sec-temp.tex) [27]
\openout0 = `Z-sec-temp.tex'.

 (./Z-sec-temp.tex)
Overfull \hbox (20.26945pt too wide) in paragraph at lines 140--143
[]\tenrm Scheme sup-plies the pro-ce-dures \tentt call-with-input-file \tenrm a
nd \tentt call-with-output-file

\hbox(6.83499+2.17499)x361.34999, glue set - 1.0
.\hbox(0.0+0.0)x20.0
.\tenrm S
.\tenrm c
.\tenrm h
.\tenrm e
.etc.

\openout0 = `Z-sec-temp.tex'.

(./Z-sec-temp.tex)
Overfull \hbox (34.00986pt too wide) in paragraph at lines 170--174
[]\tenrm It is of-ten con-ve-nient to as-so-ciate ports with strings. Thus, the
 pro-ce-dure \tentt open-input-string

\hbox(6.825+2.17499)x361.34999, glue set - 1.0
.\hbox(0.0+0.0)x20.0
.\tenrm I
.\tenrm t
.\glue 2.5 plus 1.49998 minus 0.59999
.\tenrm i
.etc.

[28]
\openout0 = `Z-sec-temp.tex'.

 (./Z-sec-temp.tex)) (./macro.tex
\openout0 = `Z-sec-temp.tex'.

 [29] (./Z-sec-temp.tex) [30]
\openout0 = `Z-sec-temp.tex'.


(./Z-sec-temp.tex) [31]
\openout0 = `Z-sec-temp.tex'.

 (./Z-sec-temp.tex) [32]
\openout0 = `Z-sec-temp.tex'.

 (./Z-sec-temp.tex)
Overfull \hbox (15.28989pt too wide) in paragraph at lines 335--340
[]\tenrm Here is a def-i-ni-tion of a rather more com-pli-cated macro, \tentt f
luid-let \tenrm (sec 5.2). \tentt fluid-let

\hbox(6.83499+2.17499)x361.34999, glue set - 1.0
.\hbox(0.0+0.0)x20.0
.\tenrm H
.\tenrm e
.\tenrm r
.\tenrm e
.etc.


Overfull \hbox (11.41998pt too wide) in paragraph at lines 335--340
\tenrm spec-i-fies tem-po-rary bind-ings for a set of al-ready ex-ist-ing lex-i
-cal vari-ables. Given a \tentt fluid-let

\hbox(6.83499+2.17499)x361.34999, glue set - 1.0
.\tenrm s
.\tenrm p
.\tenrm e
.\tenrm c
.\discretionary
..\tenrm -
.etc.

[33]) (./struct.tex
\openout0 = `Z-sec-temp.tex'.

 [34] (./Z-sec-temp.tex)
\openout0 = `Z-sec-temp.tex'.

 (./Z-sec-temp.tex) [35]
\openout0 = `Z-sec-temp.tex'.


(./Z-sec-temp.tex)
\openout5 = `defstruct.scm'.

 [36]) (./table.tex
\openout0 = `Z-sec-temp.tex'.

 [37] (./Z-sec-temp.tex)
\openout5 = `table.scm'.

 [38]) (./os.tex
\openout0 = `Z-sec-temp.tex'.


[39] (./Z-sec-temp.tex)
\openout0 = `Z-sec-temp.tex'.

 (./Z-sec-temp.tex)
\openout0 = `Z-sec-temp.tex'.

 (./Z-sec-temp.tex)
\openout0 = `Z-sec-temp.tex'.

 (./Z-sec-temp.tex) [40]) (./obj.tex
\openout0 = `Z-sec-temp.tex'.

 [41] (./Z-sec-temp.tex) (./obj1.tex
\openout5 = `obj1.scm'.

\openout0 = `Z-sec-temp.tex'.

 (./Z-sec-temp.tex)
Overfull \hbox (22.17995pt too wide) in paragraph at lines 18--35
[]\tenrm As a first ap-prox-i-ma-tion, it is use-ful to de-fine classes us-ing 
a struct called \tentt standard-class\tenrm ,

\hbox(6.825+2.17499)x361.34999, glue set - 1.0
.\hbox(0.0+0.0)x20.0
.\tenrm A
.\tenrm s
.\glue 2.5 plus 1.49998 minus 0.59999
.\tenrm a
.etc.


Overfull \hbox (24.89978pt too wide) in paragraph at lines 18--35
\tentt method-names \tenrm field that will hold the list of names of the class'
s meth-ods, and a \tentt method-vector

\hbox(6.825+1.40999)x361.34999, glue set - 1.0
.\tentt m
.\tentt e
.\tentt t
.\tentt h
.\tentt o
.etc.

[42]
Overfull \hbox (10.39899pt too wide) in paragraph at lines 68--68
[]      \tentt (vector ,@(map (lambda (method) `,(cadr method)) methods))))) 

\hbox(6.685+1.67)x361.34999
.\hbox(0.0+0.0)x20.0
.\glue 5.24998
.\glue 5.24998
.\glue 5.24998
.\glue 5.24998
.etc.

[43] [44]
Overfull \hbox (31.39893pt too wide) in paragraph at lines 244--244
[]                       \tentt (vector-ref (standard-class.method-vector class
)

\hbox(6.83499+1.25)x361.34999
.\hbox(0.0+0.0)x20.0
.\glue 5.24998
.\glue 5.24998
.\glue 5.24998
.\glue 5.24998
.etc.


Overfull \hbox (20.89896pt too wide) in paragraph at lines 245--245
[]                       \tentt (loop (standard-class.superclass class)))))))) 


\hbox(6.685+1.67)x361.34999
.\hbox(0.0+0.0)x20.0
.\glue 5.24998
.\glue 5.24998
.\glue 5.24998
.\glue 5.24998
.etc.

\openout5 = `bike.scm'.

[45]
\openout5 = `deldup.scm'.

) (./obj2.tex
\openout5 = `obj2.scm'.

\openout0 = `Z-sec-temp.tex'.

 (./Z-sec-temp.tex)
Overfull \hbox (6.67969pt too wide) in paragraph at lines 28--32
\tenrm In par-tic-u-lar, \tentt standard-class \tenrm must be an in-stance of i
t-self. What should \tentt standard-class

\hbox(6.825+2.17499)x361.34999, glue set - 1.0
.\tenrm I
.\tenrm n
.\glue 2.5 plus 1.49998 minus 0.59999
.\tenrm p
.\tenrm a
.etc.


Overfull \hbox (110.37938pt too wide) in paragraph at lines 52--58
\tenrm Note that the \tentt standard-class \tenrm vec-tor is in-com-pletely fil
led in: the sym-bol \tentt value-of-standard-class-goes-here

\hbox(6.83499+2.17499)x361.34999, glue set - 1.0
.\tenrm N
.\tenrm o
.\tenrm t
.\tenrm e
.\glue 2.5 plus 1.49998 minus 0.59999
.etc.

[46]) (./mulinh.tex
\openout5 = `obj3.scm'.

\openout0 = `Z-sec-temp.tex'.

 (./Z-sec-temp.tex)
Overfull \hbox (52.39886pt too wide) in paragraph at lines 28--28
[]          \tentt (list 'slots 'class-precedence-list 'method-names 'method-ve
ctor) 

\hbox(6.685+1.67)x361.34999
.\hbox(0.0+0.0)x20.0
.\glue 5.24998
.\glue 5.24998
.\glue 5.24998
.\glue 5.24998
.etc.


Overfull \hbox (22.99953pt too wide) in paragraph at lines 38--45
\tenrm slot is now \tentt () \tenrm in-stead of \tentt #t\tenrm . This is be-ca
use the \tentt class-precedence-list \tenrm of \tentt standard-class

\hbox(6.825+1.67)x361.34999, glue set - 1.0
.\tenrm s
.\tenrm l
.\tenrm o
.\tenrm t
.\glue 2.5 plus 1.49998 minus 0.59999
.etc.

[47]
\openout5 = `appendmap.scm'.

\openout5 = `bike3.scm'.

)) (./callcc.tex
\openout0 = `Z-sec-temp.tex'.

 [48] (./Z-sec-temp.tex)
\openout0 = `Z-sec-temp.tex'.

 (./Z-sec-temp.tex) [49]
\openout0 = `Z-sec-temp.tex'.


(./Z-sec-temp.tex)
\openout5 = `listprod-fun.scm'.

\openout5 = `listprod-cwcc.scm'.

 [50]
\openout0 = `Z-sec-temp.tex'.

 (./Z-sec-temp.tex)
\openout5 = `fringe-fun.scm'.

\openout5 = `fringe-cwcc.scm'.

 [51]
\openout0 = `Z-sec-temp.tex'.

 (./Z-sec-temp.tex) [52]
\openout5 = `coroutine.scm'.

\openout5 = `fringe-cor.scm'.

\openout0 = `Z-sec-temp.tex'.


(./Z-sec-temp.tex) [53]) (./amb.tex
\openout0 = `Z-sec-temp.tex'.

 [54] (./Z-sec-temp.tex)
\openout0 = `Z-sec-temp.tex'.

 (./Z-sec-temp.tex)
\openout0 = `Z-sec-temp.tex'.


[55] (./Z-sec-temp.tex)
\openout5 = `amb.scm'.


Overfull \hbox (1.51003pt too wide) in paragraph at lines 168--178
[]\tenrm First, we cap-ture the cur-rent con-tin-u-a-tion \tentt +fk\tenrm , wr
ap it in a pro-ce-dure and set \tentt amb-fail

\hbox(6.83499+2.17499)x361.34999, glue set - 1.0
.\hbox(0.0+0.0)x20.0
.\tenrm F
.\tenrm i
.\tenrm r
.\tenrm s
.etc.

[56]
Overfull \hbox (14.54979pt too wide) in paragraph at lines 179--182
[]\tenrm If all al-ter-nates fail, the \tentt amb-fail \tenrm at \tentt amb \te
nrm en-try, which we had stored in \tentt +prev-amb-fail\tenrm ,

\hbox(6.83499+2.17499)x361.34999, glue set - 1.0
.\hbox(0.0+0.0)x20.0
.\tenrm I
.\tenrm f
.\glue 2.5 plus 1.49998 minus 0.59999
.\tenrm a
.etc.

\openout0 = `Z-sec-temp.tex'.

(./Z-sec-temp.tex) [57]
\openout0 = `Z-sec-temp.tex'.

 (./Z-sec-temp.tex)
\openout0 = `Z-sec-temp.tex'.

 (./Z-sec-temp.tex) [58] [59]
\openout0 = `Z-sec-temp.tex'.


(./Z-sec-temp.tex) [60]
Underfull \vbox (badness 10000) has occurred while \output is active
\vbox(643.20255+1.25)x361.34999
.\glue(\topskip) 3.315
.\hbox(6.685+1.76999)x361.34999, glue set 215.35036fil
..\hbox(0.0+0.0)x20.0
..\glue 5.24998
..\glue 5.24998
..\glue 5.24998
..\glue 5.24998
..etc.
.\glue(\parskip) 0.0
.\glue(\baselineskip) 3.54501
.\hbox(6.685+1.76999)x361.34999, glue set 231.10031fil
..\hbox(0.0+0.0)x20.0
..\glue 5.24998
..\glue 5.24998
..\glue 5.24998
..\glue 5.24998
..etc.
.etc.

 [61])
(./engine.tex
\openout0 = `Z-sec-temp.tex'.

 [62] (./Z-sec-temp.tex)
\openout0 = `Z-sec-temp.tex'.

 (./Z-sec-temp.tex) [63]
Overfull \hbox (18.33997pt too wide) in paragraph at lines 100--106
[]\tenrm The num-ber of ticks ranges over the non-negative in-te-gers and an at
om called \tentt *infinity*\tenrm .

\hbox(6.83499+2.17499)x361.34999, glue set - 1.0
.\hbox(0.0+0.0)x20.0
.\tenrm T
.\tenrm h
.\tenrm e
.\glue 2.5 plus 1.49998 minus 0.59999
.etc.

\openout0 = `Z-sec-temp.tex'.

(./Z-sec-temp.tex)
\openout5 = `engine.scm'.

 [64]
Overfull \hbox (21.99991pt too wide) in paragraph at lines 201--213
[]\tenrm Running through the code, we find that af-ter cap-tur-ing the con-tin-
u-a-tions \tentt *engine-escape*

\hbox(6.825+2.17499)x361.34999, glue set - 1.0
.\hbox(0.0+0.0)x20.0
.\tenrm R
.\tenrm u
.\tenrm n
.\tenrm n
.etc.


Overfull \hbox (30.55992pt too wide) in paragraph at lines 201--213
\tenrm af-ter which the clock is stopped, the re-main-ing ticks as-cer-tained, 
and the flag \tentt engine-succeeded?

\hbox(6.825+2.17499)x361.34999, glue set - 1.0
.\tenrm a
.\tenrm f
.\discretionary
..\tenrm -
.\tenrm t
.\tenrm e
.etc.

\openout0 = `Z-sec-temp.tex'.

(./Z-sec-temp.tex)
Overfull \hbox (4.89948pt too wide) in paragraph at lines 258--265
[]\tenrm We also need to \tentt fluid-let \tenrm the glob-als \tentt *engine-es
cape* \tenrm and \tentt *engine-entrance*\tenrm ,

\hbox(6.83499+2.17499)x361.34999, glue set - 1.0
.\hbox(0.0+0.0)x20.0
.\tenrm W
.\kern-0.8
.\tenrm e
.\glue 2.5 plus 1.49998 minus 0.59999
.etc.

[65]
\openout5 = `nestable-engine.scm'.

 [66]) (./script.tex
\openout0 = `Z-sec-temp.tex'.

 [67] (./Z-sec-temp.tex)
\openout0 = `Z-sec-temp.tex'.

 (./Z-sec-temp.tex) [68]
\openout0 = `Z-sec-temp.tex'.


(./Z-sec-temp.tex)
\openout0 = `Z-sec-temp.tex'.

 [69] (./Z-sec-temp.tex) [70]) (./cgi.tex
\openout0 = `Z-sec-temp.tex'.

 [71]
(./Z-sec-temp.tex)
\openout0 = `Z-sec-temp.tex'.

 (./Z-sec-temp.tex)
\openout5 = `testcgi.scm'.

 [72]
Overfull \hbox (5.149pt too wide) in paragraph at lines 148--148
[]\tentt HTTP_ACCEPT = image/gif, image/x-xbitmap, image/jpeg, image/pjpeg,

\hbox(6.83499+1.76999)x361.34999
.\hbox(0.0+0.0)x20.0
.\tentt H
.\tentt T
.\tentt T
.\tentt P
.etc.

[73]
\openout0 = `Z-sec-temp.tex'.

 (./Z-sec-temp.tex)
\openout5 = `testcgi2.scm'.

 [74]
Overfull \hbox (8.4193pt too wide) in paragraph at lines 273--280
\tenrm Note the use of a helper pro-ce-dure \tentt split \tenrm to split the \t
entt QUERY_STRING \tenrm into pa-ram-e-ter/argument

\hbox(6.825+2.17499)x361.34999, glue set - 1.0
.\tenrm N
.\tenrm o
.\tenrm t
.\tenrm e
.\glue 2.5 plus 1.49998 minus 0.59999
.etc.

\openout0 = `Z-sec-temp.tex'.

(./Z-sec-temp.tex) [75]
\openout5 = `testcgi2a.scm'.


Overfull \hbox (0.64917pt too wide) in paragraph at lines 347--353
\tenrm This shorter CGI script uses two util-ity pro-ce-dures de-fined in \tent
t cgi.scm\tenrm . \tentt parse-form-data

\hbox(6.83499+2.17499)x361.34999, glue set - 1.0
.\tenrm T
.\tenrm h
.\tenrm i
.\tenrm s
.\glue 2.5 plus 1.49998 minus 0.59999
.etc.

\openout5 = `cgi.scm'.

[76]
Overfull \hbox (92.3094pt too wide) in paragraph at lines 382--390
\tenrm other en-vi-ron-ment vari-able, \tentt QUERY_STRING\tenrm . The aux-il-i
ary pro-ce-dure \tentt parse-form-data-using-query-string

\hbox(6.83499+2.17499)x361.34999, glue set - 1.0
.\tenrm o
.\tenrm t
.\tenrm h
.\tenrm e
.\tenrm r
.etc.

[77]
Overfull \hbox (8.14983pt too wide) in paragraph at lines 511--518
\tenrm reads the re-quired num-ber of char-ac-ters from \tentt stdin\tenrm , an
d pop-u-lates the \tentt *form-data-table*

\hbox(6.83499+2.17499)x361.34999, glue set - 1.0
.\tenrm r
.\tenrm e
.\tenrm a
.\tenrm d
.\tenrm s
.etc.


Overfull \hbox (2.24988pt too wide) in paragraph at lines 519--526
[]\tenrm It re-mains to re-trieve the val-ues for spe-cific pa-ram-e-ters from 
the \tentt *form-data-table*\tenrm .

\hbox(6.83499+2.17499)x361.34999, glue set - 1.0
.\hbox(0.0+0.0)x20.0
.\tenrm I
.\tenrm t
.\glue 2.5 plus 1.49998 minus 0.59999
.\tenrm r
.etc.

[78]
\openout0 = `Z-sec-temp.tex'.

 (./Z-sec-temp.tex)
\openout5 = `cgicalc.scm'.

 [79]) (./dialect.tex
\openout0 = `Z-sec-temp.tex'.

 [80] (./Z-sec-temp.tex)
Overfull \hbox (6.45905pt too wide) in paragraph at lines 19--31
\tentt define-macro\tenrm , \tentt delete-file\tenrm , \tentt file-exists?\tenr
m , \tentt file-or-directory-modify-seconds\tenrm ,

\hbox(6.83499+1.67)x361.34999, glue set - 1.0
.\tentt d
.\tentt e
.\tentt f
.\tentt i
.\tentt n
.etc.


Overfull \hbox (20.74907pt too wide) in paragraph at lines 19--31
\tentt fluid-let\tenrm , \tentt gensym\tenrm , \tentt getenv\tenrm , \tentt get
-output-string\tenrm , \tentt load-relative\tenrm , \tentt open-input-string\te
nrm ,

\hbox(6.83499+1.76999)x361.34999, glue set - 1.0
.\tentt f
.\tentt l
.\tentt u
.\tentt i
.\tentt d
.etc.

\openout0 = `Z-sec-temp.tex'.

(./Z-sec-temp.tex)
Overfull \hbox (51.79962pt too wide) in paragraph at lines 87--96
\tenrm tions for non-stan-dard fea-tures. Eg, the non-stan-dard pro-ce-dure \te
ntt file-or-directory-modify-seconds

\hbox(6.83499+2.17499)x361.34999, glue set - 1.0
.\tenrm t
.\tenrm i
.\tenrm o
.\tenrm n
.\tenrm s
.etc.

[81]
\openout0 = `Z-sec-temp.tex'.

 (./Z-sec-temp.tex)
\openout0 = `Z-sec-temp.tex'.

 (./Z-sec-temp.tex)
Overfull \hbox (24.18997pt too wide) in paragraph at lines 183--191
[]\tenrm The \tentt define-macro \tenrm used in the text oc-curs in the Scheme 
di-alects Bigloo [[]30], Chicken [[]32],

\hbox(6.83499+2.17499)x361.34999, glue set - 1.0
.\hbox(0.0+0.0)x20.0
.\tenrm T
.\tenrm h
.\tenrm e
.\glue 2.5 plus 1.49998 minus 0.59999
.etc.

[82]
\openout0 = `Z-sec-temp.tex'.

 (./Z-sec-temp.tex) [83]) (./dos.tex
\openout0 = `Z-sec-temp.tex'.

 [84] (./Z-sec-temp.tex)
Overfull \hbox (3.22878pt too wide) in paragraph at lines 62--72
[]\tenrm When the user types \tentt hello \tenrm at the DOS prompt, DOS reads a
nd runs the file \tentt hello.bat

\hbox(6.825+2.17499)x361.34999, glue set - 1.0
.\hbox(0.0+0.0)x20.0
.\tenrm W
.\tenrm h
.\tenrm e
.\tenrm n
.etc.

[85]) (./numint.tex
\openout0 = `Z-sec-temp.tex'.

 [86] (./Z-sec-temp.tex)
\openout0 = `Z-sec-temp.tex'.

 (./Z-sec-temp.tex)
\openout5 = `numint.mp'.

 [MP to PDF]
(./numint.1)
\openout5 = `simpson.scm'.

 [87]
Overfull \hbox (3.2495pt too wide) in paragraph at lines 178--187
\tenrm or-di-nate. So let's de-fine a lo-cal pro-ce-dure \tentt sum-every-other
-ordinate-starting-from

\hbox(6.83499+2.17499)x361.34999, glue set - 1.0
.\tenrm o
.\discretionary replacing 1
..\tenrm r
..\kern-0.20001
..\tenrm -
.\tenrm r
.\tenrm d
.\tenrm i
.etc.

[88]
\openout0 = `Z-sec-temp.tex'.

 (./Z-sec-temp.tex)
Overfull \hbox (37.38986pt too wide) in paragraph at lines 300--306
\tenrm Here we cal-cu-late suc-ces-sive Simp-son in-te-grals (us-ing our orig-i
-nal pro-ce-dure \tentt integrate-simpson\tenrm )

\hbox(6.825+2.17499)x361.34999, glue set - 1.0
.\tenrm H
.\tenrm e
.\tenrm r
.\tenrm e
.\glue 2.5 plus 1.49998 minus 0.59999
.etc.

[89] [90] (./gamma.tex
\openout0 = `Z-sec-temp.tex'.

 (./Z-sec-temp.tex) [91])) (./clock.tex
\openout0 = `Z-sec-temp.tex'.

 [92]
(./Z-sec-temp.tex)
\openout5 = `guile-clock.scm'.

 [93] [94]) (./ref.tex
\openout0 = `Z-sec-temp.tex'.

 [95] (./Z-sec-temp.tex)
\@itemnum=\count41
 (./index.bbl
Underfull \hbox (badness 3449) in paragraph at lines 32--35
[][]\tenrm Marc Fee-ley.  Gam-bit Scheme Sys-tem (\tentt http://www.iro.umontre
al.ca/

\hbox(6.825+2.17499)x361.34999, glue set 3.25839
.\hbox(6.825+1.56)x16.66, glue set 5.0fil
..\glue 0.0 plus 1.0fil minus 1.0fil
..\tenrm [
..\tenrm 6
..\tenrm ]
.\kern 5.0
.\write2{\string \@citedef {gambit}{\csname \@citelabel {gambit}\endcsname }}
.\tenrm M
.\tenrm a
.etc.


Underfull \hbox (badness 10000) in paragraph at lines 48--51
[][]\tenrm Matthew Flatt.  MzScheme

\hbox(6.825+1.56)x361.34999, glue set 36.89848
.\hbox(6.68999+1.56)x16.66, glue set 5.0fil
..\glue 0.0 plus 1.0fil minus 1.0fil
..\tenrm [
..\tenrm 9
..\tenrm ]
.\kern 5.0
.\write2{\string \@citedef {mzscheme}{\csname \@citelabel {mzscheme}\endcsname 
\ETC.}
.\tenrm M
.\tenrm a
.etc.


Underfull \hbox (badness 3701) in paragraph at lines 71--75
[][]\tenrm FSF.  Guile: Project GNU's Ex-ten-sion Lan-guage (\tentt http://www.
gnu.org/

\hbox(6.825+2.17499)x361.34999, glue set 3.33662
.\hbox(6.68999+1.56)x16.66
..\glue 0.0 plus 1.0fil minus 1.0fil
..\tenrm [
..\tenrm 1
..\tenrm 3
..\tenrm ]
.\kern 5.0
.\write2{\string \@citedef {guile}{\csname \@citelabel {guile}\endcsname }}
.\tenrm F
.\tenrm S
.etc.

[96])) (./indexf.tex
\openout0 = `Z-sec-temp.tex'.

 [97] (./Z-sec-temp.tex) (./index.ind [98]
Underfull \vbox (badness 1215) has occurred while \output is active
\vbox(643.20255+1.67)x361.34999, glue set 2.30064
.\glue(\topskip) 3.31001
.\hbox(6.68999+1.40999)x361.34999, glue set 283.10019fil
..\hbox(0.0+0.0)x0.0
..\glue 0.0
..\tentt c
..\tentt h
..\tentt a
..etc.
.\glue(\parskip) 0.0
.\glue(\baselineskip) 3.90002
.\hbox(6.68999+1.67)x361.34999, glue set 293.60016fil
..\hbox(0.0+0.0)x0.0
..\glue 0.0
..\tentt c
..\tentt h
..\tentt a
..etc.
.etc.

 [99]
[100] [101] [102])) [103] ){/usr/local/texlive/2017/texmf-dist/fonts/enc/dvips/
base/8r.enc}</usr/local/texlive/2017/texmf-dist/fonts/type1/public/amsfonts/cm/
cmmi10.pfb></usr/local/texlive/2017/texmf-dist/fonts/type1/public/amsfonts/cm/c
mmi7.pfb></usr/local/texlive/2017/texmf-dist/fonts/type1/public/amsfonts/cm/cmr
10.pfb></usr/local/texlive/2017/texmf-dist/fonts/type1/public/amsfonts/cm/cmr7.
pfb></usr/local/texlive/2017/texmf-dist/fonts/type1/public/txfonts/rtxb.pfb></u
sr/local/texlive/2017/texmf-dist/fonts/type1/public/txfonts/rtxi.pfb></usr/loca
l/texlive/2017/texmf-dist/fonts/type1/public/txfonts/rtxmi.pfb></usr/local/texl
ive/2017/texmf-dist/fonts/type1/public/txfonts/rtxr.pfb></usr/local/texlive/201
7/texmf-dist/fonts/type1/public/txfonts/txex.pfb></usr/local/texlive/2017/texmf
-dist/fonts/type1/public/txfonts/txsy.pfb></usr/local/texlive/2017/texmf-dist/f
onts/type1/public/txfonts/txtt.pfb></usr/local/texlive/2017/texmf-dist/fonts/ty
pe1/urw/times/utmb8a.pfb></usr/local/texlive/2017/texmf-dist/fonts/type1/urw/ti
mes/utmr8a.pfb></usr/local/texlive/2017/texmf-dist/fonts/type1/urw/times/utmri8
a.pfb>
Output written on index.pdf (103 pages, 288357 bytes).
PDF statistics:
 394 PDF objects out of 1000 (max. 8388607)
 272 compressed objects within 3 object streams
 0 named destinations out of 1000 (max. 500000)
 1 words of extra memory for PDF output out of 10000 (max. 10000000)

